Renamed job to: PESO_h6_latlon_spillover
Patchify strategy: latlon_spillover
Forecast horizon: 6
Xarray version 2025.6.1
Zarr version 2.18.3
Numpy version 2.2.6
PyTorch version 2.5.1
Total nCells:        465044
Mask size:           53973
cells_per_patch:     256
n_patches:           210
Model Version: peSO_Mfd_nF_D128_B16_lt40_P210_L256_T12_Fh6_e40_LLSO
Dataset Name: Monthly_fd_nF_data.zarr
System Version: 3.10.18 | packaged by conda-forge | (main, Jun  4 2025, 14:45:41) [GCC 13.3.0]
Pandas version 2.3.1
Matplotlib version 3.10.5
Seaborn version 0.13.2
Number of GPUs: 4
Processor Name: x86_64
Physical Cores: 64
Logical Cores: 128
Current CPU Frequency: 2776.22 MHz
Min CPU Frequency: 1500.00 MHz
Max CPU Frequency: 2450.00 MHz
Total CPU Usage: 0.3%
===== Making the Dataset Class: TRIAL_RUN MODE IS False ===== 
<xarray.Dataset> Size: 922MB
Dimensions:         (nCells_full: 465044, time: 2100, nCells_masked: 53973)
Coordinates:
  * nCells_full     (nCells_full) int64 4MB 0 1 2 3 ... 465041 465042 465043
  * nCells_masked   (nCells_masked) int64 432kB 0 1 2 3 ... 53970 53971 53972
  * time            (time) datetime64[ns] 17kB 1850-01-01T00:30:00 ... 2024-1...
Data variables:
    cell_mask       (nCells_full) bool 465kB dask.array<chunksize=(232522,), meta=np.ndarray>
    freeboard       (time, nCells_masked) float32 453MB dask.array<chunksize=(132, 3374), meta=np.ndarray>
    full_to_masked  <U1337572 5MB ...
    ice_area        (time, nCells_masked) float32 453MB dask.array<chunksize=(132, 3374), meta=np.ndarray>
    masked_to_full  <U1337572 5MB ...
    num_raw_files   int64 8B ...
    times           (time) datetime64[ns] 17kB dask.array<chunksize=(2100,), meta=np.ndarray>
processed_ds['times'].values.shape: (2100,)  # Expected: (2100,)
Type of self.times: <class 'numpy.ndarray'>
Data type of elements in self.times: datetime64[ns]
1850-01-01T00:30:00.000000000
processed_ds['ice_area'].load().values.shape: (2100, 53973)  # Expected: (2100, 53973)
processed_ds['freeboard'].load().values.shape: (2100, 53973)  # Expected: (2100, 53973)
processed_ds['cell_mask'].values.shape: (465044,)  # Expected: (465044,)
evaluated full_to_masked shape: 53973  # Expected: (53973,)
evaluated masked_to_full shape: 53973  # Expected: (53973,)
processed_ds['num_raw_files'].item(): 2100  # Expected: 2100
LAST PATCH SIZE:  256
Contains a -1 index  False
Cluster sizes:
min size 256
max size 256
smallest count (np.int64(0), 256)
max count (np.int64(205), 256)
number of patches: 210
Elapsed time for MonthlyOrDailyNetCDFDataset __init__: 2.209848590006004 seconds
========== SPLITTING THE DATASET ===================
Training data length:    1939
Validation data length:  55
Testing data length:     55
Total Time Steps =  2049
Number of training batches 121
Number of validation batches 3
Number of test batches after drop_last incomplete batch 3
===== Printing Dataset ===== 
<Monthly_fd_nF_data.zarr
Instance of MonthlyOrDailyNetCDFDataset
2083 viable time steps (only includes up to the last possible input date)
53973 cells/time_step
2100 files loaded 
2100 ice_area length
2100 freeboard length
Patchify Algorithm: latlon_spillover
 # The following should be (2100, 53973) for Monthly data at a latitude_threshold of 40
(2100, 53973) shape of ice_area
(2100, 53973) shape of freeboard
210 indices_per_patch_id # Should be 210>
===== Sample at dataset[0] ===== 
Fetched start index 0: Time=1850-01-01T00:30:00.000000000
Fetched end   index 12: Time=1851-01-01T00:30:00.000000000
Fetched target start index 12: Time=1851-01-01T00:30:00.000000000
Fetched target end   index 18: Time=1851-07-01T00:30:00.000000000
Year is 1850
Month is 1
Day is 1
===== Start and End Dates for Each Set =====
Training set start date: 1850-01-01T00:30:00.000000000
Training set end date (cosmetic): 2012-12-01T00:30:00.000000000
(actual last viable target day): 2012-12-01T00:30:00.000000000
Validation set start date: 2013-01-01T00:30:00.000000000
Validation set end date (cosmetic): 2018-12-01T00:30:00.000000000
(actual last viable target day): 2018-12-01T00:30:00.000000000
Testing set start date: 2019-01-01T00:30:00.000000000
Testing set end date (cosmetic): 2024-12-01T00:30:00.000000000
(actual last viable target day): 2024-12-01T00:30:00.000000000
===== Starting DataLoader ====
train_loader length: 121
val_loader length: 3
test_loader length: 3
input_tensor should be of shape (context_length, num_patches, num_features, patch_size)
actual input_tensor.shape = torch.Size([12, 210, 2, 256])
target_tensor should be of shape (forecast_horizon, num_patches, patch_size)
actual target_tensor.shape = torch.Size([6, 210, 256])
Calling IceForecastTransformer __init__
Elapsed time: 0.02 seconds
End of IceForecastTransformer __init__

--- Model Architecture ---
DataParallel(
  (module): IceForecastTransformer(
    (patch_embed): Linear(in_features=512, out_features=128, bias=True)
    (pos_encoder): SpatialPositionalEncoder(
      (patch_embeddings): Embedding(210, 128)
    )
    (encoder): TransformerEncoder(
      (layers): ModuleList(
        (0-3): 4 x TransformerEncoderLayer(
          (self_attn): MultiheadAttention(
            (out_proj): NonDynamicallyQuantizableLinear(in_features=128, out_features=128, bias=True)
          )
          (linear1): Linear(in_features=128, out_features=512, bias=True)
          (dropout): Dropout(p=0.1, inplace=False)
          (linear2): Linear(in_features=512, out_features=128, bias=True)
          (norm1): LayerNorm((128,), eps=1e-05, elementwise_affine=True)
          (norm2): LayerNorm((128,), eps=1e-05, elementwise_affine=True)
          (dropout1): Dropout(p=0.1, inplace=False)
          (dropout2): Dropout(p=0.1, inplace=False)
        )
      )
    )
    (mlp_head): Sequential(
      (0): LayerNorm((128,), eps=1e-05, elementwise_affine=True)
      (1): Linear(in_features=128, out_features=1536, bias=True)
      (2): Sigmoid()
    )
  )
)
--------------------------

Epoch 1/40 - Train Loss: 0.1531
Validation Loss: 0.0986
Epoch 2/40 - Train Loss: 0.0855
Validation Loss: 0.0824
Epoch 3/40 - Train Loss: 0.0770
Validation Loss: 0.0775
Epoch 4/40 - Train Loss: 0.0739
Validation Loss: 0.0757
Epoch 5/40 - Train Loss: 0.0726
Validation Loss: 0.0747
Epoch 6/40 - Train Loss: 0.0717
Validation Loss: 0.0739
Epoch 7/40 - Train Loss: 0.0707
Validation Loss: 0.0730
Epoch 8/40 - Train Loss: 0.0695
Validation Loss: 0.0720
Epoch 9/40 - Train Loss: 0.0681
Validation Loss: 0.0709
Epoch 10/40 - Train Loss: 0.0666
Validation Loss: 0.0697
Epoch 11/40 - Train Loss: 0.0651
Validation Loss: 0.0684
Epoch 12/40 - Train Loss: 0.0637
Validation Loss: 0.0673
Epoch 13/40 - Train Loss: 0.0624
Validation Loss: 0.0662
Epoch 14/40 - Train Loss: 0.0611
Validation Loss: 0.0652
Epoch 15/40 - Train Loss: 0.0599
Validation Loss: 0.0642
Epoch 16/40 - Train Loss: 0.0587
Validation Loss: 0.0633
Epoch 17/40 - Train Loss: 0.0577
Validation Loss: 0.0625
Epoch 18/40 - Train Loss: 0.0566
Validation Loss: 0.0617
Epoch 19/40 - Train Loss: 0.0557
Validation Loss: 0.0610
Epoch 20/40 - Train Loss: 0.0548
Validation Loss: 0.0603
Epoch 21/40 - Train Loss: 0.0539
Validation Loss: 0.0596
Epoch 22/40 - Train Loss: 0.0532
Validation Loss: 0.0590
Epoch 23/40 - Train Loss: 0.0524
Validation Loss: 0.0585
Epoch 24/40 - Train Loss: 0.0518
Validation Loss: 0.0580
Epoch 25/40 - Train Loss: 0.0512
Validation Loss: 0.0575
Epoch 26/40 - Train Loss: 0.0506
Validation Loss: 0.0571
Epoch 27/40 - Train Loss: 0.0500
Validation Loss: 0.0566
Epoch 28/40 - Train Loss: 0.0495
Validation Loss: 0.0563
Epoch 29/40 - Train Loss: 0.0491
Validation Loss: 0.0559
Epoch 30/40 - Train Loss: 0.0486
Validation Loss: 0.0556
Epoch 31/40 - Train Loss: 0.0482
Validation Loss: 0.0552
Epoch 32/40 - Train Loss: 0.0479
Validation Loss: 0.0549
Epoch 33/40 - Train Loss: 0.0475
Validation Loss: 0.0547
Epoch 34/40 - Train Loss: 0.0472
Validation Loss: 0.0544
Epoch 35/40 - Train Loss: 0.0469
Validation Loss: 0.0542
Epoch 36/40 - Train Loss: 0.0467
Validation Loss: 0.0540
Epoch 37/40 - Train Loss: 0.0464
Validation Loss: 0.0538
Epoch 38/40 - Train Loss: 0.0462
Validation Loss: 0.0536
Epoch 39/40 - Train Loss: 0.0460
Validation Loss: 0.0534
Epoch 40/40 - Train Loss: 0.0458
Validation Loss: 0.0533
===============================================
Elapsed time for TRAINING: 768.95 seconds
===============================================
Saved model at peSO_Mfd_nF_D128_B16_lt40_P210_L256_T12_Fh6_e40_LLSO_model.pth
peSO_Mfd_nF_D128_B16_lt40_P210_L256_T12_Fh6_e40_LLSO_model.pth
Calling IceForecastTransformer __init__
Elapsed time: 0.01 seconds
End of IceForecastTransformer __init__
Model loaded successfully!

Starting evaluation and metric calculation...
==================
DEBUG: Batch Size: 16
DEBUG: Context Length: 12
DEBUG: Forecast Horizon: 6
DEBUG: Number of batches in test_loader (with drop_last=True): 3 Batches
==================
DEBUG: len(test_set): 55 Days
DEBUG: len(dataset) for splitting: 2083 Days
DEBUG: train_end: 1955
DEBUG: val_end: 2027
DEBUG: range for test_set: range(2027, 2049)
==================
Processing batch 1/3
Processing batch 2/3
Processing batch 3/3

--- Error Metrics (Averaged per Cell per Patch) ---
Mean Absolute Error (shape (210, 256)):
Overall Mean Absolute Error:            0.1295

Mean Squared Error (shape (210, 256)):
Overall Mean Squared Error:             0.0534
Overall Root Mean Squared Error (RMSE): 0.2311338107016759

--- Saving Error Arrays ---
Mean ABS Error array saved as peSO_Mfd_nF_D128_B16_lt40_P210_L256_T12_Fh6_e40_LLSO_MAE_per_cell_patch.npy
Mean MSE Error array saved as peSO_Mfd_nF_D128_B16_lt40_P210_L256_T12_Fh6_e40_LLSO_MSE_per_cell_patch.npy

--- Sea Ice Extent (SIE) Metrics (Threshold > 0.15) ---

Classification Report:
              precision    recall  f1-score   support

      No Ice       0.99      0.86      0.92  11514660
         Ice       0.70      0.97      0.81   3968220

    accuracy                           0.89  15482880
   macro avg       0.84      0.91      0.86  15482880
weighted avg       0.91      0.89      0.89  15482880


Confusion matrix plot saved as peSO_Mfd_nF_D128_B16_lt40_P210_L256_T12_Fh6_e40_LLSO_SIE_Confusion_Matrix.png

--- ROC Curve and AUC Metrics ---

Area Under the Curve (AUC): 0.9596
ROC curve plot saved as peSO_Mfd_nF_D128_B16_lt40_P210_L256_T12_Fh6_e40_LLSO_ROC_Curve.png
Elapsed time for metrics: 12.966243091999786 seconds
Job finished at Sat 20 Sep 2025 09:14:25 PM PDT
