INFO:root:Found 2100 NetCDF files:
INFO:root:Parsed 63875 total dates
INFO:root:First few: ['1850-01-01T00:30:00' '1850-01-02T00:00:00' '1850-01-03T00:00:00'
 '1850-01-04T00:00:00' '1850-01-05T00:00:00']
INFO:root:Total days collected: 63875
INFO:root:Unique days: 63875
INFO:root:First 35 days: ['1850-01-01T00:30:00' '1850-01-02T00:00:00' '1850-01-03T00:00:00'
 '1850-01-04T00:00:00' '1850-01-05T00:00:00' '1850-01-06T00:00:00'
 '1850-01-07T00:00:00' '1850-01-08T00:00:00' '1850-01-09T00:00:00'
 '1850-01-10T00:00:00' '1850-01-11T00:00:00' '1850-01-12T00:00:00'
 '1850-01-13T00:00:00' '1850-01-14T00:00:00' '1850-01-15T00:00:00'
 '1850-01-16T00:00:00' '1850-01-17T00:00:00' '1850-01-18T00:00:00'
 '1850-01-19T00:00:00' '1850-01-20T00:00:00' '1850-01-21T00:00:00'
 '1850-01-22T00:00:00' '1850-01-23T00:00:00' '1850-01-24T00:00:00'
 '1850-01-25T00:00:00' '1850-01-26T00:00:00' '1850-01-27T00:00:00'
 '1850-01-28T00:00:00' '1850-01-29T00:00:00' '1850-01-30T00:00:00'
 '1850-01-31T00:00:00' '1850-02-01T00:00:00' '1850-02-02T00:00:00'
 '1850-02-03T00:00:00' '1850-02-04T00:00:00']
INFO:root:Last 35 days: ['2024-11-27T00:00:00' '2024-11-28T00:00:00' '2024-11-29T00:00:00'
 '2024-11-30T00:00:00' '2024-12-01T00:00:00' '2024-12-02T00:00:00'
 '2024-12-03T00:00:00' '2024-12-04T00:00:00' '2024-12-05T00:00:00'
 '2024-12-06T00:00:00' '2024-12-07T00:00:00' '2024-12-08T00:00:00'
 '2024-12-09T00:00:00' '2024-12-10T00:00:00' '2024-12-11T00:00:00'
 '2024-12-12T00:00:00' '2024-12-13T00:00:00' '2024-12-14T00:00:00'
 '2024-12-15T00:00:00' '2024-12-16T00:00:00' '2024-12-17T00:00:00'
 '2024-12-18T00:00:00' '2024-12-19T00:00:00' '2024-12-20T00:00:00'
 '2024-12-21T00:00:00' '2024-12-22T00:00:00' '2024-12-23T00:00:00'
 '2024-12-24T00:00:00' '2024-12-25T00:00:00' '2024-12-26T00:00:00'
 '2024-12-27T00:00:00' '2024-12-28T00:00:00' '2024-12-29T00:00:00'
 '2024-12-30T00:00:00' '2024-12-31T00:00:00']
INFO:root:Mask size: 53973
INFO:root:Elapsed time loading dates: 38.18762397766113 seconds
INFO:root:=== Extracting raw data === 
INFO:root:Shape of empty ice_area array: [[0. 0. 0. ... 0. 0. 0.]
 [0. 0. 0. ... 0. 0. 0.]
 [0. 0. 0. ... 0. 0. 0.]
 ...
 [0. 0. 0. ... 0. 0. 0.]
 [0. 0. 0. ... 0. 0. 0.]
 [0. 0. 0. ... 0. 0. 0.]]
INFO:root:Elapsed time for loading raw data: 2255.910881280899 seconds
INFO:root:=== Calculating Freeboard === 
INFO:root:Elapsed time for freeboard calculation: 2404.2895019054413 seconds
INFO:root:=== Patchifying === 
INFO:root:Elapsed time for patchifying: 2405.1233949661255 seconds
INFO:root:=== Normalizing Freeboard === 
INFO:root:--- Checking for Freeboard Outliers ---
INFO:root:Percentage of Freeboard values exactly 0: 62.92% (2169123499 points)
INFO:root:Freeboard Q1: 0.0000
INFO:root:Freeboard Q3: 0.1580
INFO:root:Freeboard IQR: 0.1580
INFO:root:Freeboard Lower Bound (Q1 - 1.5*IQR): -0.2370
INFO:root:Freeboard Upper Bound (Q3 + 1.5*IQR): 0.3949
INFO:root:Number of low outliers: 0
INFO:root:Number of high outliers: 209360138
INFO:root:Total outliers: 209360138 (6.07% of total elements)
WARNING:root:Potential outliers detected in Freeboard data!
INFO:root:Sample low outliers (first 10): []
INFO:root:Sample high outliers (first 10): [0.40869147 0.49997997 0.5575849  0.62369716 0.6355783  0.6142452
 0.5913012  0.53867054 0.47365034 0.53575784]
INFO:root:--- Plotting Freeboard Distribution ---
INFO:root:Freeboard distribution plot saved to: ./freeboard_distribution_20250725_025622.png
INFO:root:--- Analyzing Ice Area Imbalance ---
INFO:root:Total Ice Area data points: 3447525375
INFO:root:Percentage of values == 0: 60.41% (2082535065 points)
INFO:root:Percentage of values == 1: 0.03% (1001350 points)
INFO:root:Percentage of values between 0 and 1 (exclusive): 39.56% (1363988960 points)
INFO:root:--- Plotting Ice Area Imbalance Chart ---
INFO:root:Ice Area imbalance chart saved to: ./ice_area_imbalance_chart_20250725_025702.png
INFO:root:Freeboard min: 0.0
INFO:root:Freeboard max: 6.577296257019043
INFO:root:Freeboard Shape: (63875, 53973)
INFO:root:Ice Area Shape:  (63875, 53973)
INFO:root:=== Normalized Freeboard ===
INFO:root:Freeboard min: 0.0
INFO:root:Freeboard max: 1.0
INFO:root:--- Checking for Freeboard Outliers ---
INFO:root:Percentage of Freeboard values exactly 0: 62.92% (2169123499 points)
INFO:root:Freeboard Q1: 0.0000
INFO:root:Freeboard Q3: 0.0240
INFO:root:Freeboard IQR: 0.0240
INFO:root:Freeboard Lower Bound (Q1 - 1.5*IQR): -0.0360
INFO:root:Freeboard Upper Bound (Q3 + 1.5*IQR): 0.0600
INFO:root:Number of low outliers: 0
INFO:root:Number of high outliers: 209360207
INFO:root:Total outliers: 209360207 (6.07% of total elements)
WARNING:root:Potential outliers detected in Freeboard data!
INFO:root:Sample low outliers (first 10): []
INFO:root:Sample high outliers (first 10): [0.0621367  0.07601603 0.08477418 0.09482577 0.09663215 0.09338871
 0.08990034 0.08189847 0.07201292 0.08145563]
INFO:root:--- Plotting Freeboard Distribution ---
INFO:root:Freeboard distribution plot saved to: ./freeboard_distribution_20250725_025919.png
INFO:root:End of __init__
INFO:root:Elapsed time: 3824.009592294693 seconds
