INFO:root:Found 2100 NetCDF files:
INFO:root:Mask size: 53973
INFO:root:=== Extracting raw data and times in a single loop === 
INFO:root:Parsed 63875 total dates
INFO:root:First few: ['1850-01-01T00:30:00' '1850-01-02T00:00:00' '1850-01-03T00:00:00'
 '1850-01-04T00:00:00' '1850-01-05T00:00:00']
INFO:root:Total days collected: 63875
INFO:root:Unique days: 63875
INFO:root:First 35 days: ['1850-01-01T00:30:00' '1850-01-02T00:00:00' '1850-01-03T00:00:00'
 '1850-01-04T00:00:00' '1850-01-05T00:00:00' '1850-01-06T00:00:00'
 '1850-01-07T00:00:00' '1850-01-08T00:00:00' '1850-01-09T00:00:00'
 '1850-01-10T00:00:00' '1850-01-11T00:00:00' '1850-01-12T00:00:00'
 '1850-01-13T00:00:00' '1850-01-14T00:00:00' '1850-01-15T00:00:00'
 '1850-01-16T00:00:00' '1850-01-17T00:00:00' '1850-01-18T00:00:00'
 '1850-01-19T00:00:00' '1850-01-20T00:00:00' '1850-01-21T00:00:00'
 '1850-01-22T00:00:00' '1850-01-23T00:00:00' '1850-01-24T00:00:00'
 '1850-01-25T00:00:00' '1850-01-26T00:00:00' '1850-01-27T00:00:00'
 '1850-01-28T00:00:00' '1850-01-29T00:00:00' '1850-01-30T00:00:00'
 '1850-01-31T00:00:00' '1850-02-01T00:00:00' '1850-02-02T00:00:00'
 '1850-02-03T00:00:00' '1850-02-04T00:00:00']
INFO:root:Last 35 days: ['2024-11-27T00:00:00' '2024-11-28T00:00:00' '2024-11-29T00:00:00'
 '2024-11-30T00:00:00' '2024-12-01T00:00:00' '2024-12-02T00:00:00'
 '2024-12-03T00:00:00' '2024-12-04T00:00:00' '2024-12-05T00:00:00'
 '2024-12-06T00:00:00' '2024-12-07T00:00:00' '2024-12-08T00:00:00'
 '2024-12-09T00:00:00' '2024-12-10T00:00:00' '2024-12-11T00:00:00'
 '2024-12-12T00:00:00' '2024-12-13T00:00:00' '2024-12-14T00:00:00'
 '2024-12-15T00:00:00' '2024-12-16T00:00:00' '2024-12-17T00:00:00'
 '2024-12-18T00:00:00' '2024-12-19T00:00:00' '2024-12-20T00:00:00'
 '2024-12-21T00:00:00' '2024-12-22T00:00:00' '2024-12-23T00:00:00'
 '2024-12-24T00:00:00' '2024-12-25T00:00:00' '2024-12-26T00:00:00'
 '2024-12-27T00:00:00' '2024-12-28T00:00:00' '2024-12-29T00:00:00'
 '2024-12-30T00:00:00' '2024-12-31T00:00:00']
INFO:root:Shape of combined ice_area array: (63875, 53973)
INFO:root:Elapsed time for combined data/time loading: 3552.392147064209 seconds
INFO:root:=== Calculating Freeboard === 
INFO:root:Elapsed time for freeboard calculation: 3629.8670580387115 seconds
INFO:root:=== Patchifying === 
INFO:root:Elapsed time for patchifying with the latlon_spillover algorithm: 3630.970396757126 seconds
INFO:root:=== Normalizing Freeboard === 
INFO:root:Freeboard min (pre-norm): 0.0 meters
INFO:root:Freeboard max (pre-norm): 8.43836784362793 meters
INFO:root:Freeboard Shape: (63875, 53973)
INFO:root:Ice Area Shape:  (63875, 53973)
INFO:root:=== Normalized Freeboard ===
INFO:root:Freeboard min (post-norm): 0.0
INFO:root:Freeboard max (post-norm): 1.0
INFO:root:End of __init__
INFO:root:Elapsed time for __init__: 3636.784489631653 seconds
INFO:root:Training set start date: 1850-01-01T00:30:00
INFO:root:Training set end date: 2011-12-31T00:00:00
INFO:root:Validation set start date: 2012-01-01T00:00:00
INFO:root:Validation set end date: 2017-12-31T00:00:00
INFO:root:Testing set start date: 2018-01-01T00:00:00
INFO:root:Testing set end date: 2024-12-31T00:00:00
