INFO:root:<xarray.Dataset> Size: 922MB
Dimensions:         (nCells_full: 465044, time: 2100, nCells_masked: 53973)
Coordinates:
  * nCells_full     (nCells_full) int64 4MB 0 1 2 3 ... 465041 465042 465043
  * nCells_masked   (nCells_masked) int64 432kB 0 1 2 3 ... 53970 53971 53972
  * time            (time) datetime64[ns] 17kB 1850-01-01T00:30:00 ... 2024-1...
Data variables:
    cell_mask       (nCells_full) bool 465kB dask.array<chunksize=(232522,), meta=np.ndarray>
    freeboard       (time, nCells_masked) float32 453MB dask.array<chunksize=(132, 3374), meta=np.ndarray>
    full_to_masked  <U1337572 5MB ...
    ice_area        (time, nCells_masked) float32 453MB dask.array<chunksize=(132, 3374), meta=np.ndarray>
    masked_to_full  <U1337572 5MB ...
    num_raw_files   int64 8B ...
    times           (time) datetime64[ns] 17kB dask.array<chunksize=(2100,), meta=np.ndarray>
INFO:root:times.shape = (2100,)
INFO:root:ice_area.shape = (2100, 53973)
INFO:root:freeboard.shape = (2100, 53973)
INFO:root:cell_mask.shape = (465044,)
INFO:root:evaluated full_to_masked shape = ()
INFO:root:evaluated masked_to_full shape = ()
INFO:root:num_raw_files = 2100
INFO:root:Loaded pre-processed data from Zarr in 1.78 seconds.
INFO:root:=== Patchifying using latitude_spillover_redo algorithm ===
INFO:root:Patchifying completed in 0.40 seconds.
INFO:root:Total time steps collected (days or months): 2100
INFO:root:Unique times: 2100
INFO:root:First 35 time values: ['1850-01-01T00:30:00.000000000' '1850-02-01T00:30:00.000000000'
 '1850-03-01T00:30:00.000000000' '1850-04-01T00:30:00.000000000'
 '1850-05-01T00:30:00.000000000' '1850-06-01T00:30:00.000000000'
 '1850-07-01T00:30:00.000000000' '1850-08-01T00:30:00.000000000'
 '1850-09-01T00:30:00.000000000' '1850-10-01T00:30:00.000000000'
 '1850-11-01T00:30:00.000000000' '1850-12-01T00:30:00.000000000'
 '1851-01-01T00:30:00.000000000' '1851-02-01T00:30:00.000000000'
 '1851-03-01T00:30:00.000000000' '1851-04-01T00:30:00.000000000'
 '1851-05-01T00:30:00.000000000' '1851-06-01T00:30:00.000000000'
 '1851-07-01T00:30:00.000000000' '1851-08-01T00:30:00.000000000'
 '1851-09-01T00:30:00.000000000' '1851-10-01T00:30:00.000000000'
 '1851-11-01T00:30:00.000000000' '1851-12-01T00:30:00.000000000'
 '1852-01-01T00:30:00.000000000' '1852-02-01T00:30:00.000000000'
 '1852-03-01T00:30:00.000000000' '1852-04-01T00:30:00.000000000'
 '1852-05-01T00:30:00.000000000' '1852-06-01T00:30:00.000000000'
 '1852-07-01T00:30:00.000000000' '1852-08-01T00:30:00.000000000'
 '1852-09-01T00:30:00.000000000' '1852-10-01T00:30:00.000000000'
 '1852-11-01T00:30:00.000000000']
INFO:root:Last 35 time values: ['2022-02-01T00:30:00.000000000' '2022-03-01T00:30:00.000000000'
 '2022-04-01T00:30:00.000000000' '2022-05-01T00:30:00.000000000'
 '2022-06-01T00:30:00.000000000' '2022-07-01T00:30:00.000000000'
 '2022-08-01T00:30:00.000000000' '2022-09-01T00:30:00.000000000'
 '2022-10-01T00:30:00.000000000' '2022-11-01T00:30:00.000000000'
 '2022-12-01T00:30:00.000000000' '2023-01-01T00:30:00.000000000'
 '2023-02-01T00:30:00.000000000' '2023-03-01T00:30:00.000000000'
 '2023-04-01T00:30:00.000000000' '2023-05-01T00:30:00.000000000'
 '2023-06-01T00:30:00.000000000' '2023-07-01T00:30:00.000000000'
 '2023-08-01T00:30:00.000000000' '2023-09-01T00:30:00.000000000'
 '2023-10-01T00:30:00.000000000' '2023-11-01T00:30:00.000000000'
 '2023-12-01T00:30:00.000000000' '2024-01-01T00:30:00.000000000'
 '2024-02-01T00:30:00.000000000' '2024-03-01T00:30:00.000000000'
 '2024-04-01T00:30:00.000000000' '2024-05-01T00:30:00.000000000'
 '2024-06-01T00:30:00.000000000' '2024-07-01T00:30:00.000000000'
 '2024-08-01T00:30:00.000000000' '2024-09-01T00:30:00.000000000'
 '2024-10-01T00:30:00.000000000' '2024-11-01T00:30:00.000000000'
 '2024-12-01T00:30:00.000000000']
INFO:root:Shape of combined ice_area array: (2100, 53973)
INFO:root:Shape of combined freeboard array: (2100, 53973)
INFO:root:Elapsed time for MonthlyOrDailyNetCDFDataset __init__: 2.1775336840655655 seconds
INFO:root:Training set start date: 1850-01-01T00:30:00.000000000
INFO:root:Training set end date (cosmetic): 2012-12-01T00:30:00.000000000)
INFO:root:(actual last viable target day): 2012-12-01T00:30:00.000000000
INFO:root:Validation set start date: 2013-01-01T00:30:00.000000000
INFO:root:Validation set end date (cosmetic): 2018-12-01T00:30:00.000000000)
INFO:root:(actual last viable target day): 2018-12-01T00:30:00.000000000
INFO:root:Testing set start date: 2019-01-01T00:30:00.000000000
INFO:root:Testing set end date (cosmetic): 2024-12-01T00:30:00.000000000)
INFO:root:(actual last viable target day): 2024-12-01T00:30:00.000000000
INFO:root:
--- Model Architecture ---
INFO:root:DataParallel(
  (module): IceForecastTransformer(
    (patch_embed): Linear(in_features=512, out_features=128, bias=True)
    (encoder): TransformerEncoder(
      (layers): ModuleList(
        (0-3): 4 x TransformerEncoderLayer(
          (self_attn): MultiheadAttention(
            (out_proj): NonDynamicallyQuantizableLinear(in_features=128, out_features=128, bias=True)
          )
          (linear1): Linear(in_features=128, out_features=512, bias=True)
          (dropout): Dropout(p=0.1, inplace=False)
          (linear2): Linear(in_features=512, out_features=128, bias=True)
          (norm1): LayerNorm((128,), eps=1e-05, elementwise_affine=True)
          (norm2): LayerNorm((128,), eps=1e-05, elementwise_affine=True)
          (dropout1): Dropout(p=0.1, inplace=False)
          (dropout2): Dropout(p=0.1, inplace=False)
        )
      )
    )
    (mlp_head): Sequential(
      (0): LayerNorm((128,), eps=1e-05, elementwise_affine=True)
      (1): Linear(in_features=128, out_features=3072, bias=True)
      (2): Sigmoid()
    )
  )
)
INFO:root:Total model parameters: 1255296
INFO:root:--------------------------

INFO:root:== TIMER IS STARTING FOR TRAINING ==
INFO:root:===============================
INFO:root:       STARTING EPOCHS       
INFO:root:===============================
INFO:root:Number of epochs: 40
INFO:root:Learning Rate: 0.0001
INFO:root:Epoch 1/40 - Train Loss: 0.1593
INFO:root:Epoch 1/40 - Validation Loss: 0.1068
INFO:root:Epoch 2/40 - Train Loss: 0.0904
INFO:root:Epoch 2/40 - Validation Loss: 0.0861
INFO:root:Epoch 3/40 - Train Loss: 0.0797
INFO:root:Epoch 3/40 - Validation Loss: 0.0798
INFO:root:Epoch 4/40 - Train Loss: 0.0764
INFO:root:Epoch 4/40 - Validation Loss: 0.0772
INFO:root:Epoch 5/40 - Train Loss: 0.0751
INFO:root:Epoch 5/40 - Validation Loss: 0.0762
INFO:root:Epoch 6/40 - Train Loss: 0.0744
INFO:root:Epoch 6/40 - Validation Loss: 0.0755
INFO:root:Epoch 7/40 - Train Loss: 0.0737
INFO:root:Epoch 7/40 - Validation Loss: 0.0750
INFO:root:Epoch 8/40 - Train Loss: 0.0730
INFO:root:Epoch 8/40 - Validation Loss: 0.0744
INFO:root:Epoch 9/40 - Train Loss: 0.0720
INFO:root:Epoch 9/40 - Validation Loss: 0.0736
INFO:root:Epoch 10/40 - Train Loss: 0.0709
INFO:root:Epoch 10/40 - Validation Loss: 0.0727
INFO:root:Epoch 11/40 - Train Loss: 0.0696
INFO:root:Epoch 11/40 - Validation Loss: 0.0717
INFO:root:Epoch 12/40 - Train Loss: 0.0682
INFO:root:Epoch 12/40 - Validation Loss: 0.0706
INFO:root:Epoch 13/40 - Train Loss: 0.0668
INFO:root:Epoch 13/40 - Validation Loss: 0.0695
INFO:root:Epoch 14/40 - Train Loss: 0.0654
INFO:root:Epoch 14/40 - Validation Loss: 0.0684
INFO:root:Epoch 15/40 - Train Loss: 0.0641
INFO:root:Epoch 15/40 - Validation Loss: 0.0674
INFO:root:Epoch 16/40 - Train Loss: 0.0628
INFO:root:Epoch 16/40 - Validation Loss: 0.0664
INFO:root:Epoch 17/40 - Train Loss: 0.0616
INFO:root:Epoch 17/40 - Validation Loss: 0.0655
INFO:root:Epoch 18/40 - Train Loss: 0.0605
INFO:root:Epoch 18/40 - Validation Loss: 0.0646
INFO:root:Epoch 19/40 - Train Loss: 0.0595
INFO:root:Epoch 19/40 - Validation Loss: 0.0638
INFO:root:Epoch 20/40 - Train Loss: 0.0584
INFO:root:Epoch 20/40 - Validation Loss: 0.0631
INFO:root:Epoch 21/40 - Train Loss: 0.0574
INFO:root:Epoch 21/40 - Validation Loss: 0.0623
INFO:root:Epoch 22/40 - Train Loss: 0.0565
INFO:root:Epoch 22/40 - Validation Loss: 0.0617
INFO:root:Epoch 23/40 - Train Loss: 0.0557
INFO:root:Epoch 23/40 - Validation Loss: 0.0610
INFO:root:Epoch 24/40 - Train Loss: 0.0548
INFO:root:Epoch 24/40 - Validation Loss: 0.0604
INFO:root:Epoch 25/40 - Train Loss: 0.0540
INFO:root:Epoch 25/40 - Validation Loss: 0.0598
INFO:root:Epoch 26/40 - Train Loss: 0.0533
INFO:root:Epoch 26/40 - Validation Loss: 0.0593
INFO:root:Epoch 27/40 - Train Loss: 0.0526
INFO:root:Epoch 27/40 - Validation Loss: 0.0588
INFO:root:Epoch 28/40 - Train Loss: 0.0520
INFO:root:Epoch 28/40 - Validation Loss: 0.0583
INFO:root:Epoch 29/40 - Train Loss: 0.0514
INFO:root:Epoch 29/40 - Validation Loss: 0.0579
INFO:root:Epoch 30/40 - Train Loss: 0.0508
INFO:root:Epoch 30/40 - Validation Loss: 0.0575
INFO:root:Epoch 31/40 - Train Loss: 0.0503
INFO:root:Epoch 31/40 - Validation Loss: 0.0571
INFO:root:Epoch 32/40 - Train Loss: 0.0498
INFO:root:Epoch 32/40 - Validation Loss: 0.0567
INFO:root:Epoch 33/40 - Train Loss: 0.0493
INFO:root:Epoch 33/40 - Validation Loss: 0.0564
INFO:root:Epoch 34/40 - Train Loss: 0.0489
INFO:root:Epoch 34/40 - Validation Loss: 0.0561
INFO:root:Epoch 35/40 - Train Loss: 0.0485
INFO:root:Epoch 35/40 - Validation Loss: 0.0558
INFO:root:Epoch 36/40 - Train Loss: 0.0482
INFO:root:Epoch 36/40 - Validation Loss: 0.0556
INFO:root:Epoch 37/40 - Train Loss: 0.0478
INFO:root:Epoch 37/40 - Validation Loss: 0.0553
INFO:root:Epoch 38/40 - Train Loss: 0.0475
INFO:root:Epoch 38/40 - Validation Loss: 0.0551
INFO:root:Epoch 39/40 - Train Loss: 0.0472
INFO:root:Epoch 39/40 - Validation Loss: 0.0549
INFO:root:Epoch 40/40 - Train Loss: 0.0470
INFO:root:Epoch 40/40 - Validation Loss: 0.0547
INFO:root:===============================================
INFO:root:Elapsed time for TRAINING: 869.11 seconds
INFO:root:===============================================
INFO:root:
Starting evaluation and metric calculation...
