Renamed job to: h12_lon_spilldown
Patchify strategy: lon_spilldown
Forecast horizon: 12
Xarray version 2025.6.1
Zarr version 2.18.3
Numpy version 2.2.6
PyTorch version 2.5.1
Total nCells:        465044
Mask size:           53973
cells_per_patch:     256
n_patches:           210
Model Version: Mfd_nF_D128_B16_lt40_P210_L256_T12_Fh12_e40_LSD
Dataset Name: Monthly_fd_nF_data.zarr
System Version: 3.10.18 | packaged by conda-forge | (main, Jun  4 2025, 14:45:41) [GCC 13.3.0]
Pandas version 2.3.1
Matplotlib version 3.10.5
Seaborn version 0.13.2
Number of GPUs: 4
Processor Name: x86_64
Physical Cores: 64
Logical Cores: 128
Current CPU Frequency: 2617.18 MHz
Min CPU Frequency: 1500.00 MHz
Max CPU Frequency: 2450.00 MHz
Total CPU Usage: 0.4%
===== Making the Dataset Class: TRIAL_RUN MODE IS False ===== 
<xarray.Dataset> Size: 922MB
Dimensions:         (nCells_full: 465044, time: 2100, nCells_masked: 53973)
Coordinates:
  * nCells_full     (nCells_full) int64 4MB 0 1 2 3 ... 465041 465042 465043
  * nCells_masked   (nCells_masked) int64 432kB 0 1 2 3 ... 53970 53971 53972
  * time            (time) datetime64[ns] 17kB 1850-01-01T00:30:00 ... 2024-1...
Data variables:
    cell_mask       (nCells_full) bool 465kB dask.array<chunksize=(232522,), meta=np.ndarray>
    freeboard       (time, nCells_masked) float32 453MB dask.array<chunksize=(132, 3374), meta=np.ndarray>
    full_to_masked  <U1337572 5MB ...
    ice_area        (time, nCells_masked) float32 453MB dask.array<chunksize=(132, 3374), meta=np.ndarray>
    masked_to_full  <U1337572 5MB ...
    num_raw_files   int64 8B ...
    times           (time) datetime64[ns] 17kB dask.array<chunksize=(2100,), meta=np.ndarray>
processed_ds['times'].values.shape: (2100,)  # Expected: (2100,)
processed_ds['ice_area'].load().values.shape: (2100, 53973)  # Expected: (2100, 53973)
processed_ds['freeboard'].load().values.shape: (2100, 53973)  # Expected: (2100, 53973)
processed_ds['cell_mask'].values.shape: (465044,)  # Expected: (465044,)
evaluated full_to_masked shape: 53973  # Expected: (53973,)
evaluated masked_to_full shape: 53973  # Expected: (53973,)
processed_ds['num_raw_files'].item(): 2100  # Expected: 2100
Cluster sizes:
min size 256
max size 256
smallest count (np.int64(114), 256)
max count (np.int64(15), 256)
number of patches: 210
LAST PATCH SIZE:  256
Contains a -1 index  False
Elapsed time for MonthlyOrDailyNetCDFDataset __init__: 2.1972333018202335 seconds
========== SPLITTING THE DATASET ===================
Training data length:    1933
Validation data length:  49
Testing data length:     49
Total Time Steps =  2031
Number of training batches 120
Number of validation batches 3
Number of test batches after drop_last incomplete batch 3
===== Printing Dataset ===== 
<Monthly_fd_nF_data.zarr
Instance of MonthlyOrDailyNetCDFDataset
2077 viable time steps (only includes up to the last possible input date)
53973 cells/time_step
2100 files loaded 
2100 ice_area length
2100 freeboard length
Patchify Algorithm: lon_spilldown
 # The following should be (2100, 53973) for Monthly data at a latitude_threshold of 40
(2100, 53973) shape of ice_area
(2100, 53973) shape of freeboard
210 indices_per_patch_id # Should be 210>
===== Sample at dataset[0] ===== 
Fetched start index 0: Time=1850-01-01T00:30:00.000000000
Fetched end   index 12: Time=1851-01-01T00:30:00.000000000
Fetched target start index 12: Time=1851-01-01T00:30:00.000000000
Fetched target end   index 24: Time=1852-01-01T00:30:00.000000000
===== Start and End Dates for Each Set =====
Training set start date: 1850-01-01T00:30:00.000000000
Training set end date (cosmetic): 2012-12-01T00:30:00.000000000
(actual last viable target day): 2012-12-01T00:30:00.000000000
Validation set start date: 2013-01-01T00:30:00.000000000
Validation set end date (cosmetic): 2018-12-01T00:30:00.000000000
(actual last viable target day): 2018-12-01T00:30:00.000000000
Testing set start date: 2019-01-01T00:30:00.000000000
Testing set end date (cosmetic): 2024-12-01T00:30:00.000000000
(actual last viable target day): 2024-12-01T00:30:00.000000000
===== Starting DataLoader ====
train_loader length: 120
val_loader length: 3
test_loader length: 3
input_tensor should be of shape (context_length, num_patches, num_features, patch_size)
actual input_tensor.shape = torch.Size([12, 210, 2, 256])
target_tensor should be of shape (forecast_horizon, num_patches, patch_size)
actual target_tensor.shape = torch.Size([12, 210, 256])
Calling IceForecastTransformer __init__
Elapsed time: 0.02 seconds
End of IceForecastTransformer __init__

--- Model Architecture ---
DataParallel(
  (module): IceForecastTransformer(
    (patch_embed): Linear(in_features=512, out_features=128, bias=True)
    (encoder): TransformerEncoder(
      (layers): ModuleList(
        (0-3): 4 x TransformerEncoderLayer(
          (self_attn): MultiheadAttention(
            (out_proj): NonDynamicallyQuantizableLinear(in_features=128, out_features=128, bias=True)
          )
          (linear1): Linear(in_features=128, out_features=512, bias=True)
          (dropout): Dropout(p=0.1, inplace=False)
          (linear2): Linear(in_features=512, out_features=128, bias=True)
          (norm1): LayerNorm((128,), eps=1e-05, elementwise_affine=True)
          (norm2): LayerNorm((128,), eps=1e-05, elementwise_affine=True)
          (dropout1): Dropout(p=0.1, inplace=False)
          (dropout2): Dropout(p=0.1, inplace=False)
        )
      )
    )
    (mlp_head): Sequential(
      (0): LayerNorm((128,), eps=1e-05, elementwise_affine=True)
      (1): Linear(in_features=128, out_features=3072, bias=True)
      (2): Sigmoid()
    )
  )
)
--------------------------

Epoch 1/40 - Train Loss: 0.1892
Validation Loss: 0.1384
Epoch 2/40 - Train Loss: 0.1444
Validation Loss: 0.1274
Epoch 3/40 - Train Loss: 0.1397
Validation Loss: 0.1247
Epoch 4/40 - Train Loss: 0.1373
Validation Loss: 0.1227
Epoch 5/40 - Train Loss: 0.1341
Validation Loss: 0.1197
Epoch 6/40 - Train Loss: 0.1293
Validation Loss: 0.1157
Epoch 7/40 - Train Loss: 0.1237
Validation Loss: 0.1113
Epoch 8/40 - Train Loss: 0.1180
Validation Loss: 0.1071
Epoch 9/40 - Train Loss: 0.1123
Validation Loss: 0.1027
Epoch 10/40 - Train Loss: 0.1069
Validation Loss: 0.0984
Epoch 11/40 - Train Loss: 0.1016
Validation Loss: 0.0944
Epoch 12/40 - Train Loss: 0.0966
Validation Loss: 0.0905
Epoch 13/40 - Train Loss: 0.0919
Validation Loss: 0.0869
Epoch 14/40 - Train Loss: 0.0874
Validation Loss: 0.0835
Epoch 15/40 - Train Loss: 0.0834
Validation Loss: 0.0803
Epoch 16/40 - Train Loss: 0.0796
Validation Loss: 0.0772
Epoch 17/40 - Train Loss: 0.0762
Validation Loss: 0.0745
Epoch 18/40 - Train Loss: 0.0730
Validation Loss: 0.0721
Epoch 19/40 - Train Loss: 0.0701
Validation Loss: 0.0700
Epoch 20/40 - Train Loss: 0.0675
Validation Loss: 0.0682
Epoch 21/40 - Train Loss: 0.0651
Validation Loss: 0.0664
Epoch 22/40 - Train Loss: 0.0630
Validation Loss: 0.0649
Epoch 23/40 - Train Loss: 0.0611
Validation Loss: 0.0634
Epoch 24/40 - Train Loss: 0.0594
Validation Loss: 0.0622
Epoch 25/40 - Train Loss: 0.0579
Validation Loss: 0.0611
Epoch 26/40 - Train Loss: 0.0565
Validation Loss: 0.0602
Epoch 27/40 - Train Loss: 0.0553
Validation Loss: 0.0593
Epoch 28/40 - Train Loss: 0.0542
Validation Loss: 0.0586
Epoch 29/40 - Train Loss: 0.0533
Validation Loss: 0.0579
Epoch 30/40 - Train Loss: 0.0524
Validation Loss: 0.0573
Epoch 31/40 - Train Loss: 0.0516
Validation Loss: 0.0568
Epoch 32/40 - Train Loss: 0.0509
Validation Loss: 0.0563
Epoch 33/40 - Train Loss: 0.0503
Validation Loss: 0.0559
Epoch 34/40 - Train Loss: 0.0497
Validation Loss: 0.0556
Epoch 35/40 - Train Loss: 0.0492
Validation Loss: 0.0553
Epoch 36/40 - Train Loss: 0.0488
Validation Loss: 0.0550
Epoch 37/40 - Train Loss: 0.0484
Validation Loss: 0.0547
Epoch 38/40 - Train Loss: 0.0480
Validation Loss: 0.0545
Epoch 39/40 - Train Loss: 0.0477
Validation Loss: 0.0543
Epoch 40/40 - Train Loss: 0.0474
Validation Loss: 0.0541
===============================================
Elapsed time for TRAINING: 843.65 seconds
===============================================
Saved model at Mfd_nF_D128_B16_lt40_P210_L256_T12_Fh12_e40_LSD_model.pth
Mfd_nF_D128_B16_lt40_P210_L256_T12_Fh12_e40_LSD_model.pth
Calling IceForecastTransformer __init__
Elapsed time: 0.01 seconds
End of IceForecastTransformer __init__
Model loaded successfully!

Starting evaluation and metric calculation...
==================
DEBUG: Batch Size: 16
DEBUG: Context Length: 12
DEBUG: Forecast Horizon: 12
DEBUG: Number of batches in test_loader (with drop_last=True): 3 Batches
==================
DEBUG: len(test_set): 49 Days
DEBUG: len(dataset) for splitting: 2077 Days
DEBUG: train_end: 1955
DEBUG: val_end: 2027
DEBUG: range for test_set: range(2027, 2031)
==================
Processing batch 1/3
Processing batch 2/3
Processing batch 3/3

--- Error Metrics (Averaged per Cell per Patch) ---
Mean Absolute Error (shape (210, 256)):
Overall Mean Absolute Error:            0.1380

Mean Squared Error (shape (210, 256)):
Overall Mean Squared Error:             0.0540
Overall Root Mean Squared Error (RMSE): 0.23243452887188878

--- Saving Error Arrays ---
Mean ABS Error array saved as Mfd_nF_D128_B16_lt40_P210_L256_T12_Fh12_e40_LSD_MAE_per_cell_patch.npy
Mean MSE Error array saved as Mfd_nF_D128_B16_lt40_P210_L256_T12_Fh12_e40_LSD_MSE_per_cell_patch.npy

--- Sea Ice Extent (SIE) Metrics (Threshold > 0.15) ---

Classification Report:
              precision    recall  f1-score   support

      No Ice       0.99      0.86      0.92  23074361
         Ice       0.70      0.97      0.81   7891399

    accuracy                           0.88  30965760
   macro avg       0.84      0.91      0.86  30965760
weighted avg       0.91      0.88      0.89  30965760


Confusion matrix plot saved as Mfd_nF_D128_B16_lt40_P210_L256_T12_Fh12_e40_LSD_SIE_Confusion_Matrix.png

--- ROC Curve and AUC Metrics ---

Area Under the Curve (AUC): 0.9581
ROC curve plot saved as Mfd_nF_D128_B16_lt40_P210_L256_T12_Fh12_e40_LSD_ROC_Curve.png
Elapsed time for metrics: 23.426906506996602 seconds
Job finished at Thu 11 Sep 2025 04:49:08 PM PDT
